<?xml version="1.0" encoding="UTF-8"?>
<testsuite xmlns:xsi="http://www.w3.org/2001/XMLSchema-instance" xsi:noNamespaceSchemaLocation="https://maven.apache.org/surefire/maven-surefire-plugin/xsd/surefire-test-report.xsd" name="com.xjtlu.cpt202.cpt202Project.ModaoApplicationTests" time="1.125" tests="1" errors="1" skipped="0" failures="0">
  <properties>
    <property name="java.specification.version" value="17"/>
    <property name="sun.cpu.isalist" value="amd64"/>
    <property name="sun.jnu.encoding" value="GBK"/>
    <property name="java.class.path" value="E:\CPT202\CPT202-Project\CPT202Project\target\test-classes;E:\CPT202\CPT202-Project\CPT202Project\target\classes;C:\Users\13328\DevTools\apache-maven-3.6.3-bin\repository\org\springframework\boot\spring-boot-starter-data-redis\2.6.4\spring-boot-starter-data-redis-2.6.4.jar;C:\Users\13328\DevTools\apache-maven-3.6.3-bin\repository\org\springframework\boot\spring-boot-starter\2.6.4\spring-boot-starter-2.6.4.jar;C:\Users\13328\DevTools\apache-maven-3.6.3-bin\repository\org\springframework\boot\spring-boot-starter-logging\2.6.4\spring-boot-starter-logging-2.6.4.jar;C:\Users\13328\DevTools\apache-maven-3.6.3-bin\repository\ch\qos\logback\logback-classic\1.2.10\logback-classic-1.2.10.jar;C:\Users\13328\DevTools\apache-maven-3.6.3-bin\repository\ch\qos\logback\logback-core\1.2.10\logback-core-1.2.10.jar;C:\Users\13328\DevTools\apache-maven-3.6.3-bin\repository\org\apache\logging\log4j\log4j-to-slf4j\2.17.1\log4j-to-slf4j-2.17.1.jar;C:\Users\13328\DevTools\apache-maven-3.6.3-bin\repository\org\apache\logging\log4j\log4j-api\2.17.1\log4j-api-2.17.1.jar;C:\Users\13328\DevTools\apache-maven-3.6.3-bin\repository\org\slf4j\jul-to-slf4j\1.7.36\jul-to-slf4j-1.7.36.jar;C:\Users\13328\DevTools\apache-maven-3.6.3-bin\repository\jakarta\annotation\jakarta.annotation-api\1.3.5\jakarta.annotation-api-1.3.5.jar;C:\Users\13328\DevTools\apache-maven-3.6.3-bin\repository\org\yaml\snakeyaml\1.29\snakeyaml-1.29.jar;C:\Users\13328\DevTools\apache-maven-3.6.3-bin\repository\org\springframework\data\spring-data-redis\2.6.2\spring-data-redis-2.6.2.jar;C:\Users\13328\DevTools\apache-maven-3.6.3-bin\repository\org\springframework\data\spring-data-keyvalue\2.6.2\spring-data-keyvalue-2.6.2.jar;C:\Users\13328\DevTools\apache-maven-3.6.3-bin\repository\org\springframework\spring-tx\5.3.16\spring-tx-5.3.16.jar;C:\Users\13328\DevTools\apache-maven-3.6.3-bin\repository\org\springframework\spring-oxm\5.3.16\spring-oxm-5.3.16.jar;C:\Users\13328\DevTools\apache-maven-3.6.3-bin\repository\org\springframework\spring-aop\5.3.16\spring-aop-5.3.16.jar;C:\Users\13328\DevTools\apache-maven-3.6.3-bin\repository\org\springframework\spring-context-support\5.3.16\spring-context-support-5.3.16.jar;C:\Users\13328\DevTools\apache-maven-3.6.3-bin\repository\org\slf4j\slf4j-api\1.7.36\slf4j-api-1.7.36.jar;C:\Users\13328\DevTools\apache-maven-3.6.3-bin\repository\io\lettuce\lettuce-core\6.1.6.RELEASE\lettuce-core-6.1.6.RELEASE.jar;C:\Users\13328\DevTools\apache-maven-3.6.3-bin\repository\io\netty\netty-common\4.1.74.Final\netty-common-4.1.74.Final.jar;C:\Users\13328\DevTools\apache-maven-3.6.3-bin\repository\io\netty\netty-handler\4.1.74.Final\netty-handler-4.1.74.Final.jar;C:\Users\13328\DevTools\apache-maven-3.6.3-bin\repository\io\netty\netty-resolver\4.1.74.Final\netty-resolver-4.1.74.Final.jar;C:\Users\13328\DevTools\apache-maven-3.6.3-bin\repository\io\netty\netty-buffer\4.1.74.Final\netty-buffer-4.1.74.Final.jar;C:\Users\13328\DevTools\apache-maven-3.6.3-bin\repository\io\netty\netty-codec\4.1.74.Final\netty-codec-4.1.74.Final.jar;C:\Users\13328\DevTools\apache-maven-3.6.3-bin\repository\io\netty\netty-tcnative-classes\2.0.48.Final\netty-tcnative-classes-2.0.48.Final.jar;C:\Users\13328\DevTools\apache-maven-3.6.3-bin\repository\io\netty\netty-transport\4.1.74.Final\netty-transport-4.1.74.Final.jar;C:\Users\13328\DevTools\apache-maven-3.6.3-bin\repository\io\projectreactor\reactor-core\3.4.15\reactor-core-3.4.15.jar;C:\Users\13328\DevTools\apache-maven-3.6.3-bin\repository\org\reactivestreams\reactive-streams\1.0.3\reactive-streams-1.0.3.jar;C:\Users\13328\DevTools\apache-maven-3.6.3-bin\repository\org\springframework\boot\spring-boot-starter-data-jpa\2.6.4\spring-boot-starter-data-jpa-2.6.4.jar;C:\Users\13328\DevTools\apache-maven-3.6.3-bin\repository\org\springframework\boot\spring-boot-starter-aop\2.6.4\spring-boot-starter-aop-2.6.4.jar;C:\Users\13328\DevTools\apache-maven-3.6.3-bin\repository\org\aspectj\aspectjweaver\1.9.7\aspectjweaver-1.9.7.jar;C:\Users\13328\DevTools\apache-maven-3.6.3-bin\repository\jakarta\transaction\jakarta.transaction-api\1.3.3\jakarta.transaction-api-1.3.3.jar;C:\Users\13328\DevTools\apache-maven-3.6.3-bin\repository\jakarta\persistence\jakarta.persistence-api\2.2.3\jakarta.persistence-api-2.2.3.jar;C:\Users\13328\DevTools\apache-maven-3.6.3-bin\repository\org\hibernate\hibernate-core\5.6.5.Final\hibernate-core-5.6.5.Final.jar;C:\Users\13328\DevTools\apache-maven-3.6.3-bin\repository\org\jboss\logging\jboss-logging\3.4.3.Final\jboss-logging-3.4.3.Final.jar;C:\Users\13328\DevTools\apache-maven-3.6.3-bin\repository\net\bytebuddy\byte-buddy\1.11.22\byte-buddy-1.11.22.jar;C:\Users\13328\DevTools\apache-maven-3.6.3-bin\repository\antlr\antlr\2.7.7\antlr-2.7.7.jar;C:\Users\13328\DevTools\apache-maven-3.6.3-bin\repository\org\jboss\jandex\2.4.2.Final\jandex-2.4.2.Final.jar;C:\Users\13328\DevTools\apache-maven-3.6.3-bin\repository\com\fasterxml\classmate\1.5.1\classmate-1.5.1.jar;C:\Users\13328\DevTools\apache-maven-3.6.3-bin\repository\org\hibernate\common\hibernate-commons-annotations\5.1.2.Final\hibernate-commons-annotations-5.1.2.Final.jar;C:\Users\13328\DevTools\apache-maven-3.6.3-bin\repository\org\glassfish\jaxb\jaxb-runtime\2.3.6\jaxb-runtime-2.3.6.jar;C:\Users\13328\DevTools\apache-maven-3.6.3-bin\repository\org\glassfish\jaxb\txw2\2.3.6\txw2-2.3.6.jar;C:\Users\13328\DevTools\apache-maven-3.6.3-bin\repository\com\sun\istack\istack-commons-runtime\3.0.12\istack-commons-runtime-3.0.12.jar;C:\Users\13328\DevTools\apache-maven-3.6.3-bin\repository\com\sun\activation\jakarta.activation\1.2.2\jakarta.activation-1.2.2.jar;C:\Users\13328\DevTools\apache-maven-3.6.3-bin\repository\org\springframework\data\spring-data-jpa\2.6.2\spring-data-jpa-2.6.2.jar;C:\Users\13328\DevTools\apache-maven-3.6.3-bin\repository\org\springframework\data\spring-data-commons\2.6.2\spring-data-commons-2.6.2.jar;C:\Users\13328\DevTools\apache-maven-3.6.3-bin\repository\org\springframework\spring-orm\5.3.16\spring-orm-5.3.16.jar;C:\Users\13328\DevTools\apache-maven-3.6.3-bin\repository\org\springframework\spring-aspects\5.3.16\spring-aspects-5.3.16.jar;C:\Users\13328\DevTools\apache-maven-3.6.3-bin\repository\org\springframework\boot\spring-boot-starter-jdbc\2.6.4\spring-boot-starter-jdbc-2.6.4.jar;C:\Users\13328\DevTools\apache-maven-3.6.3-bin\repository\com\zaxxer\HikariCP\4.0.3\HikariCP-4.0.3.jar;C:\Users\13328\DevTools\apache-maven-3.6.3-bin\repository\org\springframework\spring-jdbc\5.3.16\spring-jdbc-5.3.16.jar;C:\Users\13328\DevTools\apache-maven-3.6.3-bin\repository\org\mybatis\spring\boot\mybatis-spring-boot-starter\2.2.0\mybatis-spring-boot-starter-2.2.0.jar;C:\Users\13328\DevTools\apache-maven-3.6.3-bin\repository\org\mybatis\spring\boot\mybatis-spring-boot-autoconfigure\2.2.0\mybatis-spring-boot-autoconfigure-2.2.0.jar;C:\Users\13328\DevTools\apache-maven-3.6.3-bin\repository\org\mybatis\mybatis\3.5.7\mybatis-3.5.7.jar;C:\Users\13328\DevTools\apache-maven-3.6.3-bin\repository\org\mybatis\mybatis-spring\2.0.6\mybatis-spring-2.0.6.jar;C:\Users\13328\DevTools\apache-maven-3.6.3-bin\repository\org\springframework\boot\spring-boot-devtools\2.6.4\spring-boot-devtools-2.6.4.jar;C:\Users\13328\DevTools\apache-maven-3.6.3-bin\repository\org\springframework\boot\spring-boot-autoconfigure\2.6.4\spring-boot-autoconfigure-2.6.4.jar;C:\Users\13328\DevTools\apache-maven-3.6.3-bin\repository\mysql\mysql-connector-java\8.0.28\mysql-connector-java-8.0.28.jar;C:\Users\13328\DevTools\apache-maven-3.6.3-bin\repository\org\projectlombok\lombok\1.18.22\lombok-1.18.22.jar;C:\Users\13328\DevTools\apache-maven-3.6.3-bin\repository\org\springframework\boot\spring-boot-starter-test\2.6.4\spring-boot-starter-test-2.6.4.jar;C:\Users\13328\DevTools\apache-maven-3.6.3-bin\repository\org\springframework\boot\spring-boot-test\2.6.4\spring-boot-test-2.6.4.jar;C:\Users\13328\DevTools\apache-maven-3.6.3-bin\repository\org\springframework\boot\spring-boot-test-autoconfigure\2.6.4\spring-boot-test-autoconfigure-2.6.4.jar;C:\Users\13328\DevTools\apache-maven-3.6.3-bin\repository\com\jayway\jsonpath\json-path\2.6.0\json-path-2.6.0.jar;C:\Users\13328\DevTools\apache-maven-3.6.3-bin\repository\net\minidev\json-smart\2.4.8\json-smart-2.4.8.jar;C:\Users\13328\DevTools\apache-maven-3.6.3-bin\repository\net\minidev\accessors-smart\2.4.8\accessors-smart-2.4.8.jar;C:\Users\13328\DevTools\apache-maven-3.6.3-bin\repository\org\ow2\asm\asm\9.1\asm-9.1.jar;C:\Users\13328\DevTools\apache-maven-3.6.3-bin\repository\jakarta\xml\bind\jakarta.xml.bind-api\2.3.3\jakarta.xml.bind-api-2.3.3.jar;C:\Users\13328\DevTools\apache-maven-3.6.3-bin\repository\jakarta\activation\jakarta.activation-api\1.2.2\jakarta.activation-api-1.2.2.jar;C:\Users\13328\DevTools\apache-maven-3.6.3-bin\repository\org\assertj\assertj-core\3.21.0\assertj-core-3.21.0.jar;C:\Users\13328\DevTools\apache-maven-3.6.3-bin\repository\org\hamcrest\hamcrest\2.2\hamcrest-2.2.jar;C:\Users\13328\DevTools\apache-maven-3.6.3-bin\repository\org\junit\jupiter\junit-jupiter\5.8.2\junit-jupiter-5.8.2.jar;C:\Users\13328\DevTools\apache-maven-3.6.3-bin\repository\org\junit\jupiter\junit-jupiter-api\5.8.2\junit-jupiter-api-5.8.2.jar;C:\Users\13328\DevTools\apache-maven-3.6.3-bin\repository\org\opentest4j\opentest4j\1.2.0\opentest4j-1.2.0.jar;C:\Users\13328\DevTools\apache-maven-3.6.3-bin\repository\org\junit\platform\junit-platform-commons\1.8.2\junit-platform-commons-1.8.2.jar;C:\Users\13328\DevTools\apache-maven-3.6.3-bin\repository\org\apiguardian\apiguardian-api\1.1.2\apiguardian-api-1.1.2.jar;C:\Users\13328\DevTools\apache-maven-3.6.3-bin\repository\org\junit\jupiter\junit-jupiter-params\5.8.2\junit-jupiter-params-5.8.2.jar;C:\Users\13328\DevTools\apache-maven-3.6.3-bin\repository\org\junit\jupiter\junit-jupiter-engine\5.8.2\junit-jupiter-engine-5.8.2.jar;C:\Users\13328\DevTools\apache-maven-3.6.3-bin\repository\org\junit\platform\junit-platform-engine\1.8.2\junit-platform-engine-1.8.2.jar;C:\Users\13328\DevTools\apache-maven-3.6.3-bin\repository\org\mockito\mockito-core\4.0.0\mockito-core-4.0.0.jar;C:\Users\13328\DevTools\apache-maven-3.6.3-bin\repository\org\objenesis\objenesis\3.2\objenesis-3.2.jar;C:\Users\13328\DevTools\apache-maven-3.6.3-bin\repository\org\mockito\mockito-junit-jupiter\4.0.0\mockito-junit-jupiter-4.0.0.jar;C:\Users\13328\DevTools\apache-maven-3.6.3-bin\repository\org\skyscreamer\jsonassert\1.5.0\jsonassert-1.5.0.jar;C:\Users\13328\DevTools\apache-maven-3.6.3-bin\repository\com\vaadin\external\google\android-json\0.0.20131108.vaadin1\android-json-0.0.20131108.vaadin1.jar;C:\Users\13328\DevTools\apache-maven-3.6.3-bin\repository\org\springframework\spring-core\5.3.16\spring-core-5.3.16.jar;C:\Users\13328\DevTools\apache-maven-3.6.3-bin\repository\org\springframework\spring-jcl\5.3.16\spring-jcl-5.3.16.jar;C:\Users\13328\DevTools\apache-maven-3.6.3-bin\repository\org\springframework\spring-test\5.3.16\spring-test-5.3.16.jar;C:\Users\13328\DevTools\apache-maven-3.6.3-bin\repository\org\xmlunit\xmlunit-core\2.8.4\xmlunit-core-2.8.4.jar;C:\Users\13328\DevTools\apache-maven-3.6.3-bin\repository\org\springframework\spring-web\5.3.16\spring-web-5.3.16.jar;C:\Users\13328\DevTools\apache-maven-3.6.3-bin\repository\org\springframework\spring-beans\5.3.16\spring-beans-5.3.16.jar;C:\Users\13328\DevTools\apache-maven-3.6.3-bin\repository\org\springframework\boot\spring-boot\2.6.4\spring-boot-2.6.4.jar;C:\Users\13328\DevTools\apache-maven-3.6.3-bin\repository\org\springframework\spring-context\5.3.16\spring-context-5.3.16.jar;C:\Users\13328\DevTools\apache-maven-3.6.3-bin\repository\org\springframework\spring-expression\5.3.16\spring-expression-5.3.16.jar;C:\Users\13328\DevTools\apache-maven-3.6.3-bin\repository\org\apache\geronimo\specs\geronimo-servlet_2.4_spec\1.1.1\geronimo-servlet_2.4_spec-1.1.1.jar;C:\Users\13328\DevTools\apache-maven-3.6.3-bin\repository\com\alibaba\fastjson\1.2.76\fastjson-1.2.76.jar;C:\Users\13328\DevTools\apache-maven-3.6.3-bin\repository\net\bytebuddy\byte-buddy-agent\1.11.22\byte-buddy-agent-1.11.22.jar;"/>
    <property name="java.vm.vendor" value="Oracle Corporation"/>
    <property name="sun.arch.data.model" value="64"/>
    <property name="user.variant" value=""/>
    <property name="java.vendor.url" value="https://java.oracle.com/"/>
    <property name="user.timezone" value="Asia/Shanghai"/>
    <property name="os.name" value="Windows 10"/>
    <property name="java.vm.specification.version" value="17"/>
    <property name="sun.java.launcher" value="SUN_STANDARD"/>
    <property name="user.country" value="CN"/>
    <property name="sun.boot.library.path" value="C:\Users\13328\.jdks\openjdk-17.0.2\bin"/>
    <property name="sun.java.command" value="C:\Users\13328\AppData\Local\Temp\surefire630871501226436748\surefirebooter14367493517694358131.jar C:\Users\13328\AppData\Local\Temp\surefire630871501226436748 2022-03-29T10-42-29_471-jvmRun1 surefire18077327139338514325tmp surefire_08643450531818328081tmp"/>
    <property name="jdk.debug" value="release"/>
    <property name="surefire.test.class.path" value="E:\CPT202\CPT202-Project\CPT202Project\target\test-classes;E:\CPT202\CPT202-Project\CPT202Project\target\classes;C:\Users\13328\DevTools\apache-maven-3.6.3-bin\repository\org\springframework\boot\spring-boot-starter-data-redis\2.6.4\spring-boot-starter-data-redis-2.6.4.jar;C:\Users\13328\DevTools\apache-maven-3.6.3-bin\repository\org\springframework\boot\spring-boot-starter\2.6.4\spring-boot-starter-2.6.4.jar;C:\Users\13328\DevTools\apache-maven-3.6.3-bin\repository\org\springframework\boot\spring-boot-starter-logging\2.6.4\spring-boot-starter-logging-2.6.4.jar;C:\Users\13328\DevTools\apache-maven-3.6.3-bin\repository\ch\qos\logback\logback-classic\1.2.10\logback-classic-1.2.10.jar;C:\Users\13328\DevTools\apache-maven-3.6.3-bin\repository\ch\qos\logback\logback-core\1.2.10\logback-core-1.2.10.jar;C:\Users\13328\DevTools\apache-maven-3.6.3-bin\repository\org\apache\logging\log4j\log4j-to-slf4j\2.17.1\log4j-to-slf4j-2.17.1.jar;C:\Users\13328\DevTools\apache-maven-3.6.3-bin\repository\org\apache\logging\log4j\log4j-api\2.17.1\log4j-api-2.17.1.jar;C:\Users\13328\DevTools\apache-maven-3.6.3-bin\repository\org\slf4j\jul-to-slf4j\1.7.36\jul-to-slf4j-1.7.36.jar;C:\Users\13328\DevTools\apache-maven-3.6.3-bin\repository\jakarta\annotation\jakarta.annotation-api\1.3.5\jakarta.annotation-api-1.3.5.jar;C:\Users\13328\DevTools\apache-maven-3.6.3-bin\repository\org\yaml\snakeyaml\1.29\snakeyaml-1.29.jar;C:\Users\13328\DevTools\apache-maven-3.6.3-bin\repository\org\springframework\data\spring-data-redis\2.6.2\spring-data-redis-2.6.2.jar;C:\Users\13328\DevTools\apache-maven-3.6.3-bin\repository\org\springframework\data\spring-data-keyvalue\2.6.2\spring-data-keyvalue-2.6.2.jar;C:\Users\13328\DevTools\apache-maven-3.6.3-bin\repository\org\springframework\spring-tx\5.3.16\spring-tx-5.3.16.jar;C:\Users\13328\DevTools\apache-maven-3.6.3-bin\repository\org\springframework\spring-oxm\5.3.16\spring-oxm-5.3.16.jar;C:\Users\13328\DevTools\apache-maven-3.6.3-bin\repository\org\springframework\spring-aop\5.3.16\spring-aop-5.3.16.jar;C:\Users\13328\DevTools\apache-maven-3.6.3-bin\repository\org\springframework\spring-context-support\5.3.16\spring-context-support-5.3.16.jar;C:\Users\13328\DevTools\apache-maven-3.6.3-bin\repository\org\slf4j\slf4j-api\1.7.36\slf4j-api-1.7.36.jar;C:\Users\13328\DevTools\apache-maven-3.6.3-bin\repository\io\lettuce\lettuce-core\6.1.6.RELEASE\lettuce-core-6.1.6.RELEASE.jar;C:\Users\13328\DevTools\apache-maven-3.6.3-bin\repository\io\netty\netty-common\4.1.74.Final\netty-common-4.1.74.Final.jar;C:\Users\13328\DevTools\apache-maven-3.6.3-bin\repository\io\netty\netty-handler\4.1.74.Final\netty-handler-4.1.74.Final.jar;C:\Users\13328\DevTools\apache-maven-3.6.3-bin\repository\io\netty\netty-resolver\4.1.74.Final\netty-resolver-4.1.74.Final.jar;C:\Users\13328\DevTools\apache-maven-3.6.3-bin\repository\io\netty\netty-buffer\4.1.74.Final\netty-buffer-4.1.74.Final.jar;C:\Users\13328\DevTools\apache-maven-3.6.3-bin\repository\io\netty\netty-codec\4.1.74.Final\netty-codec-4.1.74.Final.jar;C:\Users\13328\DevTools\apache-maven-3.6.3-bin\repository\io\netty\netty-tcnative-classes\2.0.48.Final\netty-tcnative-classes-2.0.48.Final.jar;C:\Users\13328\DevTools\apache-maven-3.6.3-bin\repository\io\netty\netty-transport\4.1.74.Final\netty-transport-4.1.74.Final.jar;C:\Users\13328\DevTools\apache-maven-3.6.3-bin\repository\io\projectreactor\reactor-core\3.4.15\reactor-core-3.4.15.jar;C:\Users\13328\DevTools\apache-maven-3.6.3-bin\repository\org\reactivestreams\reactive-streams\1.0.3\reactive-streams-1.0.3.jar;C:\Users\13328\DevTools\apache-maven-3.6.3-bin\repository\org\springframework\boot\spring-boot-starter-data-jpa\2.6.4\spring-boot-starter-data-jpa-2.6.4.jar;C:\Users\13328\DevTools\apache-maven-3.6.3-bin\repository\org\springframework\boot\spring-boot-starter-aop\2.6.4\spring-boot-starter-aop-2.6.4.jar;C:\Users\13328\DevTools\apache-maven-3.6.3-bin\repository\org\aspectj\aspectjweaver\1.9.7\aspectjweaver-1.9.7.jar;C:\Users\13328\DevTools\apache-maven-3.6.3-bin\repository\jakarta\transaction\jakarta.transaction-api\1.3.3\jakarta.transaction-api-1.3.3.jar;C:\Users\13328\DevTools\apache-maven-3.6.3-bin\repository\jakarta\persistence\jakarta.persistence-api\2.2.3\jakarta.persistence-api-2.2.3.jar;C:\Users\13328\DevTools\apache-maven-3.6.3-bin\repository\org\hibernate\hibernate-core\5.6.5.Final\hibernate-core-5.6.5.Final.jar;C:\Users\13328\DevTools\apache-maven-3.6.3-bin\repository\org\jboss\logging\jboss-logging\3.4.3.Final\jboss-logging-3.4.3.Final.jar;C:\Users\13328\DevTools\apache-maven-3.6.3-bin\repository\net\bytebuddy\byte-buddy\1.11.22\byte-buddy-1.11.22.jar;C:\Users\13328\DevTools\apache-maven-3.6.3-bin\repository\antlr\antlr\2.7.7\antlr-2.7.7.jar;C:\Users\13328\DevTools\apache-maven-3.6.3-bin\repository\org\jboss\jandex\2.4.2.Final\jandex-2.4.2.Final.jar;C:\Users\13328\DevTools\apache-maven-3.6.3-bin\repository\com\fasterxml\classmate\1.5.1\classmate-1.5.1.jar;C:\Users\13328\DevTools\apache-maven-3.6.3-bin\repository\org\hibernate\common\hibernate-commons-annotations\5.1.2.Final\hibernate-commons-annotations-5.1.2.Final.jar;C:\Users\13328\DevTools\apache-maven-3.6.3-bin\repository\org\glassfish\jaxb\jaxb-runtime\2.3.6\jaxb-runtime-2.3.6.jar;C:\Users\13328\DevTools\apache-maven-3.6.3-bin\repository\org\glassfish\jaxb\txw2\2.3.6\txw2-2.3.6.jar;C:\Users\13328\DevTools\apache-maven-3.6.3-bin\repository\com\sun\istack\istack-commons-runtime\3.0.12\istack-commons-runtime-3.0.12.jar;C:\Users\13328\DevTools\apache-maven-3.6.3-bin\repository\com\sun\activation\jakarta.activation\1.2.2\jakarta.activation-1.2.2.jar;C:\Users\13328\DevTools\apache-maven-3.6.3-bin\repository\org\springframework\data\spring-data-jpa\2.6.2\spring-data-jpa-2.6.2.jar;C:\Users\13328\DevTools\apache-maven-3.6.3-bin\repository\org\springframework\data\spring-data-commons\2.6.2\spring-data-commons-2.6.2.jar;C:\Users\13328\DevTools\apache-maven-3.6.3-bin\repository\org\springframework\spring-orm\5.3.16\spring-orm-5.3.16.jar;C:\Users\13328\DevTools\apache-maven-3.6.3-bin\repository\org\springframework\spring-aspects\5.3.16\spring-aspects-5.3.16.jar;C:\Users\13328\DevTools\apache-maven-3.6.3-bin\repository\org\springframework\boot\spring-boot-starter-jdbc\2.6.4\spring-boot-starter-jdbc-2.6.4.jar;C:\Users\13328\DevTools\apache-maven-3.6.3-bin\repository\com\zaxxer\HikariCP\4.0.3\HikariCP-4.0.3.jar;C:\Users\13328\DevTools\apache-maven-3.6.3-bin\repository\org\springframework\spring-jdbc\5.3.16\spring-jdbc-5.3.16.jar;C:\Users\13328\DevTools\apache-maven-3.6.3-bin\repository\org\mybatis\spring\boot\mybatis-spring-boot-starter\2.2.0\mybatis-spring-boot-starter-2.2.0.jar;C:\Users\13328\DevTools\apache-maven-3.6.3-bin\repository\org\mybatis\spring\boot\mybatis-spring-boot-autoconfigure\2.2.0\mybatis-spring-boot-autoconfigure-2.2.0.jar;C:\Users\13328\DevTools\apache-maven-3.6.3-bin\repository\org\mybatis\mybatis\3.5.7\mybatis-3.5.7.jar;C:\Users\13328\DevTools\apache-maven-3.6.3-bin\repository\org\mybatis\mybatis-spring\2.0.6\mybatis-spring-2.0.6.jar;C:\Users\13328\DevTools\apache-maven-3.6.3-bin\repository\org\springframework\boot\spring-boot-devtools\2.6.4\spring-boot-devtools-2.6.4.jar;C:\Users\13328\DevTools\apache-maven-3.6.3-bin\repository\org\springframework\boot\spring-boot-autoconfigure\2.6.4\spring-boot-autoconfigure-2.6.4.jar;C:\Users\13328\DevTools\apache-maven-3.6.3-bin\repository\mysql\mysql-connector-java\8.0.28\mysql-connector-java-8.0.28.jar;C:\Users\13328\DevTools\apache-maven-3.6.3-bin\repository\org\projectlombok\lombok\1.18.22\lombok-1.18.22.jar;C:\Users\13328\DevTools\apache-maven-3.6.3-bin\repository\org\springframework\boot\spring-boot-starter-test\2.6.4\spring-boot-starter-test-2.6.4.jar;C:\Users\13328\DevTools\apache-maven-3.6.3-bin\repository\org\springframework\boot\spring-boot-test\2.6.4\spring-boot-test-2.6.4.jar;C:\Users\13328\DevTools\apache-maven-3.6.3-bin\repository\org\springframework\boot\spring-boot-test-autoconfigure\2.6.4\spring-boot-test-autoconfigure-2.6.4.jar;C:\Users\13328\DevTools\apache-maven-3.6.3-bin\repository\com\jayway\jsonpath\json-path\2.6.0\json-path-2.6.0.jar;C:\Users\13328\DevTools\apache-maven-3.6.3-bin\repository\net\minidev\json-smart\2.4.8\json-smart-2.4.8.jar;C:\Users\13328\DevTools\apache-maven-3.6.3-bin\repository\net\minidev\accessors-smart\2.4.8\accessors-smart-2.4.8.jar;C:\Users\13328\DevTools\apache-maven-3.6.3-bin\repository\org\ow2\asm\asm\9.1\asm-9.1.jar;C:\Users\13328\DevTools\apache-maven-3.6.3-bin\repository\jakarta\xml\bind\jakarta.xml.bind-api\2.3.3\jakarta.xml.bind-api-2.3.3.jar;C:\Users\13328\DevTools\apache-maven-3.6.3-bin\repository\jakarta\activation\jakarta.activation-api\1.2.2\jakarta.activation-api-1.2.2.jar;C:\Users\13328\DevTools\apache-maven-3.6.3-bin\repository\org\assertj\assertj-core\3.21.0\assertj-core-3.21.0.jar;C:\Users\13328\DevTools\apache-maven-3.6.3-bin\repository\org\hamcrest\hamcrest\2.2\hamcrest-2.2.jar;C:\Users\13328\DevTools\apache-maven-3.6.3-bin\repository\org\junit\jupiter\junit-jupiter\5.8.2\junit-jupiter-5.8.2.jar;C:\Users\13328\DevTools\apache-maven-3.6.3-bin\repository\org\junit\jupiter\junit-jupiter-api\5.8.2\junit-jupiter-api-5.8.2.jar;C:\Users\13328\DevTools\apache-maven-3.6.3-bin\repository\org\opentest4j\opentest4j\1.2.0\opentest4j-1.2.0.jar;C:\Users\13328\DevTools\apache-maven-3.6.3-bin\repository\org\junit\platform\junit-platform-commons\1.8.2\junit-platform-commons-1.8.2.jar;C:\Users\13328\DevTools\apache-maven-3.6.3-bin\repository\org\apiguardian\apiguardian-api\1.1.2\apiguardian-api-1.1.2.jar;C:\Users\13328\DevTools\apache-maven-3.6.3-bin\repository\org\junit\jupiter\junit-jupiter-params\5.8.2\junit-jupiter-params-5.8.2.jar;C:\Users\13328\DevTools\apache-maven-3.6.3-bin\repository\org\junit\jupiter\junit-jupiter-engine\5.8.2\junit-jupiter-engine-5.8.2.jar;C:\Users\13328\DevTools\apache-maven-3.6.3-bin\repository\org\junit\platform\junit-platform-engine\1.8.2\junit-platform-engine-1.8.2.jar;C:\Users\13328\DevTools\apache-maven-3.6.3-bin\repository\org\mockito\mockito-core\4.0.0\mockito-core-4.0.0.jar;C:\Users\13328\DevTools\apache-maven-3.6.3-bin\repository\org\objenesis\objenesis\3.2\objenesis-3.2.jar;C:\Users\13328\DevTools\apache-maven-3.6.3-bin\repository\org\mockito\mockito-junit-jupiter\4.0.0\mockito-junit-jupiter-4.0.0.jar;C:\Users\13328\DevTools\apache-maven-3.6.3-bin\repository\org\skyscreamer\jsonassert\1.5.0\jsonassert-1.5.0.jar;C:\Users\13328\DevTools\apache-maven-3.6.3-bin\repository\com\vaadin\external\google\android-json\0.0.20131108.vaadin1\android-json-0.0.20131108.vaadin1.jar;C:\Users\13328\DevTools\apache-maven-3.6.3-bin\repository\org\springframework\spring-core\5.3.16\spring-core-5.3.16.jar;C:\Users\13328\DevTools\apache-maven-3.6.3-bin\repository\org\springframework\spring-jcl\5.3.16\spring-jcl-5.3.16.jar;C:\Users\13328\DevTools\apache-maven-3.6.3-bin\repository\org\springframework\spring-test\5.3.16\spring-test-5.3.16.jar;C:\Users\13328\DevTools\apache-maven-3.6.3-bin\repository\org\xmlunit\xmlunit-core\2.8.4\xmlunit-core-2.8.4.jar;C:\Users\13328\DevTools\apache-maven-3.6.3-bin\repository\org\springframework\spring-web\5.3.16\spring-web-5.3.16.jar;C:\Users\13328\DevTools\apache-maven-3.6.3-bin\repository\org\springframework\spring-beans\5.3.16\spring-beans-5.3.16.jar;C:\Users\13328\DevTools\apache-maven-3.6.3-bin\repository\org\springframework\boot\spring-boot\2.6.4\spring-boot-2.6.4.jar;C:\Users\13328\DevTools\apache-maven-3.6.3-bin\repository\org\springframework\spring-context\5.3.16\spring-context-5.3.16.jar;C:\Users\13328\DevTools\apache-maven-3.6.3-bin\repository\org\springframework\spring-expression\5.3.16\spring-expression-5.3.16.jar;C:\Users\13328\DevTools\apache-maven-3.6.3-bin\repository\org\apache\geronimo\specs\geronimo-servlet_2.4_spec\1.1.1\geronimo-servlet_2.4_spec-1.1.1.jar;C:\Users\13328\DevTools\apache-maven-3.6.3-bin\repository\com\alibaba\fastjson\1.2.76\fastjson-1.2.76.jar;C:\Users\13328\DevTools\apache-maven-3.6.3-bin\repository\net\bytebuddy\byte-buddy-agent\1.11.22\byte-buddy-agent-1.11.22.jar;"/>
    <property name="sun.cpu.endian" value="little"/>
    <property name="user.home" value="C:\Users\13328"/>
    <property name="user.language" value="zh"/>
    <property name="java.specification.vendor" value="Oracle Corporation"/>
    <property name="java.version.date" value="2022-01-18"/>
    <property name="java.home" value="C:\Users\13328\.jdks\openjdk-17.0.2"/>
    <property name="file.separator" value="\"/>
    <property name="basedir" value="E:\CPT202\CPT202-Project\CPT202Project"/>
    <property name="java.vm.compressedOopsMode" value="32-bit"/>
    <property name="line.separator" value="&#10;"/>
    <property name="java.vm.specification.vendor" value="Oracle Corporation"/>
    <property name="java.specification.name" value="Java Platform API Specification"/>
    <property name="surefire.real.class.path" value="C:\Users\13328\AppData\Local\Temp\surefire630871501226436748\surefirebooter14367493517694358131.jar"/>
    <property name="user.script" value=""/>
    <property name="sun.management.compiler" value="HotSpot 64-Bit Tiered Compilers"/>
    <property name="java.runtime.version" value="17.0.2+8-86"/>
    <property name="user.name" value="13328"/>
    <property name="path.separator" value=";"/>
    <property name="os.version" value="10.0"/>
    <property name="java.runtime.name" value="OpenJDK Runtime Environment"/>
    <property name="file.encoding" value="GBK"/>
    <property name="java.vm.name" value="OpenJDK 64-Bit Server VM"/>
    <property name="localRepository" value="C:\Users\13328\DevTools\apache-maven-3.6.3-bin\repository"/>
    <property name="java.vendor.url.bug" value="https://bugreport.java.com/bugreport/"/>
    <property name="java.io.tmpdir" value="C:\Users\13328\AppData\Local\Temp\"/>
    <property name="idea.version" value="2021.3.2"/>
    <property name="java.version" value="17.0.2"/>
    <property name="user.dir" value="E:\CPT202\CPT202-Project\CPT202Project"/>
    <property name="os.arch" value="amd64"/>
    <property name="java.vm.specification.name" value="Java Virtual Machine Specification"/>
    <property name="sun.os.patch.level" value=""/>
    <property name="native.encoding" value="GBK"/>
    <property name="java.library.path" value="C:\Users\13328\.jdks\openjdk-17.0.2\bin;C:\WINDOWS\Sun\Java\bin;C:\WINDOWS\system32;C:\WINDOWS;C:\Program Files\Eclipse Adoptium\jdk-17.0.2.8-hotspot\bin;%JAVA_HOME%\bin;C:\WINDOWS\system32;C:\WINDOWS;C:\WINDOWS\System32\Wbem;C:\WINDOWS\System32\WindowsPowerShell\v1.0\;C:\WINDOWS\System32\OpenSSH\;C:\Program Files\Git\cmd;C:\Users\13328\AppData\Local\Microsoft\WindowsApps;;C:\Program Files\JetBrains\IntelliJ IDEA Community Edition 2021.3.2\bin;;C:\Users\13328\AppData\Local\Programs\Microsoft VS Code\bin;."/>
    <property name="java.vm.info" value="mixed mode, sharing"/>
    <property name="java.vendor" value="Oracle Corporation"/>
    <property name="java.vm.version" value="17.0.2+8-86"/>
    <property name="sun.io.unicode.encoding" value="UnicodeLittle"/>
    <property name="maven.repo.local" value="C:/Users/13328/DevTools/apache-maven-3.6.3-bin/repository"/>
    <property name="java.class.version" value="61.0"/>
  </properties>
  <testcase name="contextLoads" classname="com.xjtlu.cpt202.cpt202Project.ModaoApplicationTests" time="0.004">
    <error message="javax/servlet/SessionCookieConfig" type="java.lang.NoClassDefFoundError">java.lang.NoClassDefFoundError: javax/servlet/SessionCookieConfig
Caused by: java.lang.ClassNotFoundException: javax.servlet.SessionCookieConfig
</error>
    <system-out><![CDATA[10:42:31.296 [main] DEBUG org.springframework.test.context.BootstrapUtils - Instantiating CacheAwareContextLoaderDelegate from class [org.springframework.test.context.cache.DefaultCacheAwareContextLoaderDelegate]
10:42:31.315 [main] DEBUG org.springframework.test.context.BootstrapUtils - Instantiating BootstrapContext using constructor [public org.springframework.test.context.support.DefaultBootstrapContext(java.lang.Class,org.springframework.test.context.CacheAwareContextLoaderDelegate)]
10:42:31.373 [main] DEBUG org.springframework.test.context.BootstrapUtils - Instantiating TestContextBootstrapper for test class [com.xjtlu.cpt202.cpt202Project.ModaoApplicationTests] from class [org.springframework.boot.test.context.SpringBootTestContextBootstrapper]
10:42:31.394 [main] INFO org.springframework.boot.test.context.SpringBootTestContextBootstrapper - Neither @ContextConfiguration nor @ContextHierarchy found for test class [com.xjtlu.cpt202.cpt202Project.ModaoApplicationTests], using SpringBootContextLoader
10:42:31.402 [main] DEBUG org.springframework.test.context.support.AbstractContextLoader - Did not detect default resource location for test class [com.xjtlu.cpt202.cpt202Project.ModaoApplicationTests]: class path resource [com/xjtlu/cpt202/cpt202Project/ModaoApplicationTests-context.xml] does not exist
10:42:31.404 [main] DEBUG org.springframework.test.context.support.AbstractContextLoader - Did not detect default resource location for test class [com.xjtlu.cpt202.cpt202Project.ModaoApplicationTests]: class path resource [com/xjtlu/cpt202/cpt202Project/ModaoApplicationTestsContext.groovy] does not exist
10:42:31.405 [main] INFO org.springframework.test.context.support.AbstractContextLoader - Could not detect default resource locations for test class [com.xjtlu.cpt202.cpt202Project.ModaoApplicationTests]: no resource found for suffixes {-context.xml, Context.groovy}.
10:42:31.406 [main] INFO org.springframework.test.context.support.AnnotationConfigContextLoaderUtils - Could not detect default configuration classes for test class [com.xjtlu.cpt202.cpt202Project.ModaoApplicationTests]: ModaoApplicationTests does not declare any static, non-private, non-final, nested classes annotated with @Configuration.
10:42:31.531 [main] DEBUG org.springframework.test.context.support.ActiveProfilesUtils - Could not find an 'annotation declaring class' for annotation type [org.springframework.test.context.ActiveProfiles] and class [com.xjtlu.cpt202.cpt202Project.ModaoApplicationTests]
10:42:31.651 [main] DEBUG org.springframework.context.annotation.ClassPathScanningCandidateComponentProvider - Identified candidate component class: file [E:\CPT202\CPT202-Project\CPT202Project\target\classes\com\xjtlu\cpt202\cpt202Project\CPT202ProjectApplication.class]
10:42:31.655 [main] INFO org.springframework.boot.test.context.SpringBootTestContextBootstrapper - Found @SpringBootConfiguration com.xjtlu.cpt202.cpt202Project.CPT202ProjectApplication for test class com.xjtlu.cpt202.cpt202Project.ModaoApplicationTests
10:42:31.927 [main] DEBUG org.springframework.boot.test.context.SpringBootTestContextBootstrapper - @TestExecutionListeners is not present for class [com.xjtlu.cpt202.cpt202Project.ModaoApplicationTests]: using defaults.
10:42:31.928 [main] INFO org.springframework.boot.test.context.SpringBootTestContextBootstrapper - Loaded default TestExecutionListener class names from location [META-INF/spring.factories]: [org.springframework.boot.test.mock.mockito.MockitoTestExecutionListener, org.springframework.boot.test.mock.mockito.ResetMocksTestExecutionListener, org.springframework.boot.test.autoconfigure.restdocs.RestDocsTestExecutionListener, org.springframework.boot.test.autoconfigure.web.client.MockRestServiceServerResetTestExecutionListener, org.springframework.boot.test.autoconfigure.web.servlet.MockMvcPrintOnlyOnFailureTestExecutionListener, org.springframework.boot.test.autoconfigure.web.servlet.WebDriverTestExecutionListener, org.springframework.boot.test.autoconfigure.webservices.client.MockWebServiceServerTestExecutionListener, org.springframework.test.context.web.ServletTestExecutionListener, org.springframework.test.context.support.DirtiesContextBeforeModesTestExecutionListener, org.springframework.test.context.event.ApplicationEventsTestExecutionListener, org.springframework.test.context.support.DependencyInjectionTestExecutionListener, org.springframework.test.context.support.DirtiesContextTestExecutionListener, org.springframework.test.context.transaction.TransactionalTestExecutionListener, org.springframework.test.context.jdbc.SqlScriptsTestExecutionListener, org.springframework.test.context.event.EventPublishingTestExecutionListener]
10:42:31.980 [main] INFO org.springframework.boot.test.context.SpringBootTestContextBootstrapper - Using TestExecutionListeners: [org.springframework.test.context.web.ServletTestExecutionListener@2796aeae, org.springframework.test.context.support.DirtiesContextBeforeModesTestExecutionListener@b4711e2, org.springframework.test.context.event.ApplicationEventsTestExecutionListener@1fa1cab1, org.springframework.boot.test.mock.mockito.MockitoTestExecutionListener@70f02c32, org.springframework.boot.test.autoconfigure.SpringBootDependencyInjectionTestExecutionListener@62010f5c, org.springframework.test.context.support.DirtiesContextTestExecutionListener@51fadaff, org.springframework.test.context.transaction.TransactionalTestExecutionListener@401f7633, org.springframework.test.context.jdbc.SqlScriptsTestExecutionListener@31ff43be, org.springframework.test.context.event.EventPublishingTestExecutionListener@5b6ec132, org.springframework.boot.test.mock.mockito.ResetMocksTestExecutionListener@5c44c582, org.springframework.boot.test.autoconfigure.restdocs.RestDocsTestExecutionListener@67d18ed7, org.springframework.boot.test.autoconfigure.web.client.MockRestServiceServerResetTestExecutionListener@2c78d320, org.springframework.boot.test.autoconfigure.web.servlet.MockMvcPrintOnlyOnFailureTestExecutionListener@132e0cc, org.springframework.boot.test.autoconfigure.web.servlet.WebDriverTestExecutionListener@7b205dbd, org.springframework.boot.test.autoconfigure.webservices.client.MockWebServiceServerTestExecutionListener@106cc338]
10:42:31.993 [main] DEBUG org.springframework.test.context.support.AbstractDirtiesContextTestExecutionListener - Before test class: context [DefaultTestContext@4716be8b testClass = ModaoApplicationTests, testInstance = [null], testMethod = [null], testException = [null], mergedContextConfiguration = [WebMergedContextConfiguration@1fc32e4f testClass = ModaoApplicationTests, locations = '{}', classes = '{class com.xjtlu.cpt202.cpt202Project.CPT202ProjectApplication}', contextInitializerClasses = '[]', activeProfiles = '{}', propertySourceLocations = '{}', propertySourceProperties = '{org.springframework.boot.test.context.SpringBootTestContextBootstrapper=true}', contextCustomizers = set[org.springframework.boot.test.context.filter.ExcludeFilterContextCustomizer@1b1426f4, org.springframework.boot.test.json.DuplicateJsonObjectContextCustomizerFactory$DuplicateJsonObjectContextCustomizer@6d4e5011, org.springframework.boot.test.mock.mockito.MockitoContextCustomizer@0, org.springframework.boot.test.web.client.TestRestTemplateContextCustomizer@73e22a3d, org.springframework.boot.test.autoconfigure.actuate.metrics.MetricsExportContextCustomizerFactory$DisableMetricExportContextCustomizer@169e6180, org.springframework.boot.test.autoconfigure.properties.PropertyMappingContextCustomizer@0, org.springframework.boot.test.autoconfigure.web.servlet.WebDriverContextCustomizerFactory$Customizer@741a8937, org.springframework.boot.test.context.SpringBootTestArgs@1, org.springframework.boot.test.context.SpringBootTestWebEnvironment@fad74ee], resourceBasePath = 'src/main/webapp', contextLoader = 'org.springframework.boot.test.context.SpringBootContextLoader', parent = [null]], attributes = map['org.springframework.test.context.web.ServletTestExecutionListener.activateListener' -> true]], class annotated with @DirtiesContext [false] with mode [null].
10:42:32.112 [main] ERROR org.springframework.test.context.TestContextManager - Caught exception while allowing TestExecutionListener [org.springframework.test.context.web.ServletTestExecutionListener@2796aeae] to prepare test instance [com.xjtlu.cpt202.cpt202Project.ModaoApplicationTests@1afdd473]
java.lang.NoClassDefFoundError: javax/servlet/SessionCookieConfig
	at org.springframework.boot.test.context.SpringBootContextLoader$WebConfigurer.addMockServletContext(SpringBootContextLoader.java:293)
	at org.springframework.boot.test.context.SpringBootContextLoader$WebConfigurer.configure(SpringBootContextLoader.java:287)
	at org.springframework.boot.test.context.SpringBootContextLoader.loadContext(SpringBootContextLoader.java:111)
	at org.springframework.test.context.cache.DefaultCacheAwareContextLoaderDelegate.loadContextInternal(DefaultCacheAwareContextLoaderDelegate.java:99)
	at org.springframework.test.context.cache.DefaultCacheAwareContextLoaderDelegate.loadContext(DefaultCacheAwareContextLoaderDelegate.java:124)
	at org.springframework.test.context.support.DefaultTestContext.getApplicationContext(DefaultTestContext.java:124)
	at org.springframework.test.context.web.ServletTestExecutionListener.setUpRequestContextIfNecessary(ServletTestExecutionListener.java:190)
	at org.springframework.test.context.web.ServletTestExecutionListener.prepareTestInstance(ServletTestExecutionListener.java:132)
	at org.springframework.test.context.TestContextManager.prepareTestInstance(TestContextManager.java:248)
	at org.springframework.test.context.junit.jupiter.SpringExtension.postProcessTestInstance(SpringExtension.java:138)
	at org.junit.jupiter.engine.descriptor.ClassBasedTestDescriptor.lambda$invokeTestInstancePostProcessors$8(ClassBasedTestDescriptor.java:363)
	at org.junit.jupiter.engine.descriptor.ClassBasedTestDescriptor.executeAndMaskThrowable(ClassBasedTestDescriptor.java:368)
	at org.junit.jupiter.engine.descriptor.ClassBasedTestDescriptor.lambda$invokeTestInstancePostProcessors$9(ClassBasedTestDescriptor.java:363)
	at java.base/java.util.stream.ReferencePipeline$3$1.accept(ReferencePipeline.java:197)
	at java.base/java.util.stream.ReferencePipeline$2$1.accept(ReferencePipeline.java:179)
	at java.base/java.util.ArrayList$ArrayListSpliterator.forEachRemaining(ArrayList.java:1625)
	at java.base/java.util.stream.AbstractPipeline.copyInto(AbstractPipeline.java:509)
	at java.base/java.util.stream.AbstractPipeline.wrapAndCopyInto(AbstractPipeline.java:499)
	at java.base/java.util.stream.StreamSpliterators$WrappingSpliterator.forEachRemaining(StreamSpliterators.java:310)
	at java.base/java.util.stream.Streams$ConcatSpliterator.forEachRemaining(Streams.java:735)
	at java.base/java.util.stream.Streams$ConcatSpliterator.forEachRemaining(Streams.java:734)
	at java.base/java.util.stream.ReferencePipeline$Head.forEach(ReferencePipeline.java:762)
	at org.junit.jupiter.engine.descriptor.ClassBasedTestDescriptor.invokeTestInstancePostProcessors(ClassBasedTestDescriptor.java:362)
	at org.junit.jupiter.engine.descriptor.ClassBasedTestDescriptor.lambda$instantiateAndPostProcessTestInstance$6(ClassBasedTestDescriptor.java:283)
	at org.junit.platform.engine.support.hierarchical.ThrowableCollector.execute(ThrowableCollector.java:73)
	at org.junit.jupiter.engine.descriptor.ClassBasedTestDescriptor.instantiateAndPostProcessTestInstance(ClassBasedTestDescriptor.java:282)
	at org.junit.jupiter.engine.descriptor.ClassBasedTestDescriptor.lambda$testInstancesProvider$4(ClassBasedTestDescriptor.java:272)
	at java.base/java.util.Optional.orElseGet(Optional.java:364)
	at org.junit.jupiter.engine.descriptor.ClassBasedTestDescriptor.lambda$testInstancesProvider$5(ClassBasedTestDescriptor.java:271)
	at org.junit.jupiter.engine.execution.TestInstancesProvider.getTestInstances(TestInstancesProvider.java:31)
	at org.junit.jupiter.engine.descriptor.TestMethodTestDescriptor.lambda$prepare$0(TestMethodTestDescriptor.java:102)
	at org.junit.platform.engine.support.hierarchical.ThrowableCollector.execute(ThrowableCollector.java:73)
	at org.junit.jupiter.engine.descriptor.TestMethodTestDescriptor.prepare(TestMethodTestDescriptor.java:101)
	at org.junit.jupiter.engine.descriptor.TestMethodTestDescriptor.prepare(TestMethodTestDescriptor.java:66)
	at org.junit.platform.engine.support.hierarchical.NodeTestTask.lambda$prepare$2(NodeTestTask.java:123)
	at org.junit.platform.engine.support.hierarchical.ThrowableCollector.execute(ThrowableCollector.java:73)
	at org.junit.platform.engine.support.hierarchical.NodeTestTask.prepare(NodeTestTask.java:123)
	at org.junit.platform.engine.support.hierarchical.NodeTestTask.execute(NodeTestTask.java:90)
	at java.base/java.util.ArrayList.forEach(ArrayList.java:1511)
	at org.junit.platform.engine.support.hierarchical.SameThreadHierarchicalTestExecutorService.invokeAll(SameThreadHierarchicalTestExecutorService.java:41)
	at org.junit.platform.engine.support.hierarchical.NodeTestTask.lambda$executeRecursively$6(NodeTestTask.java:155)
	at org.junit.platform.engine.support.hierarchical.ThrowableCollector.execute(ThrowableCollector.java:73)
	at org.junit.platform.engine.support.hierarchical.NodeTestTask.lambda$executeRecursively$8(NodeTestTask.java:141)
	at org.junit.platform.engine.support.hierarchical.Node.around(Node.java:137)
	at org.junit.platform.engine.support.hierarchical.NodeTestTask.lambda$executeRecursively$9(NodeTestTask.java:139)
	at org.junit.platform.engine.support.hierarchical.ThrowableCollector.execute(ThrowableCollector.java:73)
	at org.junit.platform.engine.support.hierarchical.NodeTestTask.executeRecursively(NodeTestTask.java:138)
	at org.junit.platform.engine.support.hierarchical.NodeTestTask.execute(NodeTestTask.java:95)
	at java.base/java.util.ArrayList.forEach(ArrayList.java:1511)
	at org.junit.platform.engine.support.hierarchical.SameThreadHierarchicalTestExecutorService.invokeAll(SameThreadHierarchicalTestExecutorService.java:41)
	at org.junit.platform.engine.support.hierarchical.NodeTestTask.lambda$executeRecursively$6(NodeTestTask.java:155)
	at org.junit.platform.engine.support.hierarchical.ThrowableCollector.execute(ThrowableCollector.java:73)
	at org.junit.platform.engine.support.hierarchical.NodeTestTask.lambda$executeRecursively$8(NodeTestTask.java:141)
	at org.junit.platform.engine.support.hierarchical.Node.around(Node.java:137)
	at org.junit.platform.engine.support.hierarchical.NodeTestTask.lambda$executeRecursively$9(NodeTestTask.java:139)
	at org.junit.platform.engine.support.hierarchical.ThrowableCollector.execute(ThrowableCollector.java:73)
	at org.junit.platform.engine.support.hierarchical.NodeTestTask.executeRecursively(NodeTestTask.java:138)
	at org.junit.platform.engine.support.hierarchical.NodeTestTask.execute(NodeTestTask.java:95)
	at org.junit.platform.engine.support.hierarchical.SameThreadHierarchicalTestExecutorService.submit(SameThreadHierarchicalTestExecutorService.java:35)
	at org.junit.platform.engine.support.hierarchical.HierarchicalTestExecutor.execute(HierarchicalTestExecutor.java:57)
	at org.junit.platform.engine.support.hierarchical.HierarchicalTestEngine.execute(HierarchicalTestEngine.java:54)
	at org.junit.platform.launcher.core.DefaultLauncher.execute(DefaultLauncher.java:220)
	at org.junit.platform.launcher.core.DefaultLauncher.lambda$execute$6(DefaultLauncher.java:188)
	at org.junit.platform.launcher.core.DefaultLauncher.withInterceptedStreams(DefaultLauncher.java:202)
	at org.junit.platform.launcher.core.DefaultLauncher.execute(DefaultLauncher.java:181)
	at org.junit.platform.launcher.core.DefaultLauncher.execute(DefaultLauncher.java:128)
	at org.apache.maven.surefire.junitplatform.JUnitPlatformProvider.invokeAllTests(JUnitPlatformProvider.java:150)
	at org.apache.maven.surefire.junitplatform.JUnitPlatformProvider.invoke(JUnitPlatformProvider.java:124)
	at org.apache.maven.surefire.booter.ForkedBooter.invokeProviderInSameClassLoader(ForkedBooter.java:384)
	at org.apache.maven.surefire.booter.ForkedBooter.runSuitesInProcess(ForkedBooter.java:345)
	at org.apache.maven.surefire.booter.ForkedBooter.execute(ForkedBooter.java:126)
	at org.apache.maven.surefire.booter.ForkedBooter.main(ForkedBooter.java:418)
Caused by: java.lang.ClassNotFoundException: javax.servlet.SessionCookieConfig
	at java.base/jdk.internal.loader.BuiltinClassLoader.loadClass(BuiltinClassLoader.java:641)
	at java.base/jdk.internal.loader.ClassLoaders$AppClassLoader.loadClass(ClassLoaders.java:188)
	at java.base/java.lang.ClassLoader.loadClass(ClassLoader.java:520)
	... 72 common frames omitted
]]></system-out>
  </testcase>
</testsuite>